0 info it worked if it ends with ok
1 verbose cli [ '/usr/local/bin/node', '/usr/local/bin/npm', 'run', 'test' ]
2 info using npm@1.4.3
3 info using node@v0.10.26
4 verbose run-script [ 'pretest', 'test', 'posttest' ]
5 info pretest matic@0.4.0
6 info test matic@0.4.0
7 verbose unsafe-perm in lifecycle true
8 info matic@0.4.0 Failed to exec test script
9 error matic@0.4.0 test: `npm run lint && npm run unit`
9 error Exit status 1
10 error Failed at the matic@0.4.0 test script.
10 error This is most likely a problem with the matic package,
10 error not with npm itself.
10 error Tell the author that this fails on your system:
10 error     npm run lint && npm run unit
10 error You can get their info via:
10 error     npm owner ls matic
10 error There is likely additional logging output above.
11 error System Darwin 13.1.0
12 error command "/usr/local/bin/node" "/usr/local/bin/npm" "run" "test"
13 error cwd /Users/matt/dev/matic
14 error node -v v0.10.26
15 error npm -v 1.4.3
16 error code ELIFECYCLE
17 verbose exit [ 1, true ]
